2024-09-26 17:57:53,498 DEBUG    root            Loaded Command Group: ['gcloud', 'config']
2024-09-26 17:57:53,500 DEBUG    root            Loaded Command Group: ['gcloud', 'config', 'config_helper']
2024-09-26 17:57:53,503 DEBUG    root            Running [gcloud.config.config-helper] with arguments: [--format: "json", --min-expiry: "1800"]
2024-09-26 17:57:53,517 DEBUG    root            Chosen display Format:default json
2024-09-26 17:57:53,517 INFO     root            Display format: "default json"
2024-09-26 17:57:53,566 INFO     ___FILE_ONLY___ {
  "configuration": {
    "active_configuration": "default",
    "properties": {
      "compute": {
        "region": "europe-west4"
      },
      "core": {
        "account": "51711795437-compute@developer.gserviceaccount.com",
        "disable_usage_reporting": "True",
        "project": "cloud-data-analysis-436618"
      },
      "dataproc": {
        "region": "europe-west4"
      }
    }
  },
  "credential": {
    "access_token": "ya29.c.c0ASRK0GZH9okIjoHgz6ibIMl5J-tss6-genY3JNk5ZPBv55Q7UiA-kfIJHIML92QLZD-46M5uWsScARz0PclH4PTNN7F7gfcggL3e1VQW439wcTRhOJVE4G0XtdQZUiY-hdFHO2fC9_cvKiPxT4Tyea0NgdMEQ-_BsGoZHK4pYRVaFHodXwo8c5oGCsko0Q2AB-vP2yRwYuFAfwTf7MiWW4dBk8rhCgTkbkzcIhWbsD8c0yJUB2soS_iVG8AG47mp1LVtKGa5nV6QEr2irBvyrTXs2udrvm7yhHVEsmeytmT8tl_nUQfy7q-Iq6JZ41Fha3ik45ypjhOyJk5fzVm7mNlzGT0a-Iy9rIKdC5Zq7TUPI7nBT_Ds-x7BdMwMRPdnVQWp_DZGHjDugB6VY523zKN5i2U5bUSC_70zm0gkz6sXDhkGDOk9XonpCrKAH453CIc4qOl6VQRjbxWJaySgy8S9J9aQc_aU72vJljXUyQ12O81ixwpvl19uh-0mkvf-l46JmljRx9djhqv9wQzcQiyyOQZebsQ_jFdXX-78emm2WJd7j07m9U7O9XeWcp6-51vxcO0zuJBiB25JmokjZaybg-xja-7OxtM_9Z-gyfWx0S5u07mSR-MvMgaqn7bYBQgumnM3kx2sSz6Rlo0sbcxFYZ1Q-BII7sQ9hb426IOYbxss1nXRxxeYY7jo0YdpbY9pys-x4oJk-ednrg-rB7fUnpIp1sh5uFhwt_t0SaVhUmcwg-lc8lyRlv-S6IhoOVS7pope7fmzekpybz4k_J-i-IgV2dIXmVqtBoSz26pporcu_rkJagJVqsRM9UYMRR0ephgeleBtU1XVBbzp8pRY43wOJuF1YJaRj18lO723VJ7Mgs6qhSjy5Scl5BZ2dvnzuMWVe5ZMJYVzk5BQFdpmBIRiu_2vigbX2821Zy-6QkgjJWzMsQmm17aXQmgVZ1ZBv_hmjkqmeb8Yyh5uUdv6IiRtI5nqutiUBjZR_UWsi2lRZrVjy4s",
    "id_token": null,
    "token_expiry": "2024-09-26T18:56:00Z"
  },
  "sentinels": {
    "config_sentinel": "/home/jupyter/.config/gcloud/config_sentinel"
  }
}
2024-09-26 17:57:53,566 INFO     ___FILE_ONLY___ 

2024-09-26 17:57:53,566 DEBUG    root            SDK update checks are disabled.
