2024-09-26 18:38:04,328 DEBUG    root            Loaded Command Group: ['gcloud', 'config']
2024-09-26 18:38:04,330 DEBUG    root            Loaded Command Group: ['gcloud', 'config', 'config_helper']
2024-09-26 18:38:04,333 DEBUG    root            Running [gcloud.config.config-helper] with arguments: [--format: "json", --min-expiry: "1800"]
2024-09-26 18:38:04,399 DEBUG    google.auth.transport.requests Making request: GET http://192.168.10.5/computeMetadata/v1/instance/service-accounts/51711795437-compute@developer.gserviceaccount.com/?recursive=true
2024-09-26 18:38:04,401 DEBUG    urllib3.connectionpool Starting new HTTP connection (1): 192.168.10.5:80
2024-09-26 18:38:04,403 DEBUG    urllib3.connectionpool http://192.168.10.5:80 "GET /computeMetadata/v1/instance/service-accounts/51711795437-compute@developer.gserviceaccount.com/?recursive=true HTTP/1.1" 200 144
2024-09-26 18:38:04,403 DEBUG    google.auth.transport.requests Making request: GET http://192.168.10.5/computeMetadata/v1/instance/service-accounts/51711795437-compute@developer.gserviceaccount.com/token
2024-09-26 18:38:04,406 DEBUG    urllib3.connectionpool http://192.168.10.5:80 "GET /computeMetadata/v1/instance/service-accounts/51711795437-compute@developer.gserviceaccount.com/token HTTP/1.1" 200 1084
2024-09-26 18:38:04,419 DEBUG    root            Chosen display Format:default json
2024-09-26 18:38:04,419 INFO     root            Display format: "default json"
2024-09-26 18:38:04,468 INFO     ___FILE_ONLY___ {
  "configuration": {
    "active_configuration": "default",
    "properties": {
      "compute": {
        "region": "europe-west4"
      },
      "core": {
        "account": "51711795437-compute@developer.gserviceaccount.com",
        "disable_usage_reporting": "True",
        "project": "cloud-data-analysis-436618"
      },
      "dataproc": {
        "region": "europe-west4"
      }
    }
  },
  "credential": {
    "access_token": "ya29.c.c0ASRK0GYEnWWQ2cGiCgDR7Zq-S3hFNwMz3ZzEhfRSLum1oABlKgC8o9yz2az9xaYJHXBorXcvjINtriigcZu2G_s1iGjSE_szTmb1Xs-JFql1vG9H35fCwgRH--ZqsdaJ19VAwJJYYiv6V9eNudELUz7bQwRrHKf-paOOFaXCO-cG-RL97dbliI2hxlw9JjbghL-4e1sXc1je853NFTGNXz7wfnfwCjF3YE0pRUp-z-IwO2S-KclEJAILXmVg2ypERDUiJxVhkv5dPh-LTAKu0hBc8hJYUnwxe3ZlIgKdNMoYAEbgb1NuqinOePP1ytzKDzUZWFWENABbN364QBNY2giF79ERKb0ujc_93_nG1vQuHS91pT6BlW62D_PWPy53IWWPN4HrSHwb0m4qX67xhk_EgCDAUpHHvYJZAzHxHE1Y9GpqX5j5YQlKAj0H452K1M9VWSRY93_9x18f8zSy-SQjbbhuc9ZRwUVemqQn3uksyqQj3spnSva22FpBI3onQoqmpUgJQi97UbRR3zX2OxnZ4gk--F1XMdByxbJu2Qqc4J4_kwBXIdU0Y0F55Vfb3jWoexuImSrlv6jn6oWwh6fj05fQqXckrhBvwfhiwf_sgf4ItFw0lbb-OZsxs04stJuprOyrO3sXWd0Ff4ShYrS_a4Sh206njY73r77jiShRu3hsbw4uhve93JievUx7m_hz8Rk6uZ-nBQy53b221ivwBx_n7Mf7j9Sog9IZX4ZikX3RndoISXn6qRxtUB-XbjhYkZFXxfjYl0Ofjx6g_r4abZFZ-VQzsvdX9I6zBg-M8V0BsMpa8com0nwcarR-3cr7l8srt7WdgV5bccstMa68XkzyxwrJ1fck0o5RUd_sm0wo5R1rS77Isz4x1rq4zogXmv4Z0Rs_udbIZ78SOltWsg8xsbF0b9q6bbu5abmBk_pVI04madWUjc0-ZIb2xcRWQZOah6UMS5chIgt13UJrF2zSmag2WewcRJlRUsWtjj2Z2lpakS7",
    "id_token": null,
    "token_expiry": "2024-09-26T19:26:05Z"
  },
  "sentinels": {
    "config_sentinel": "/home/jupyter/.config/gcloud/config_sentinel"
  }
}
2024-09-26 18:38:04,468 INFO     ___FILE_ONLY___ 

2024-09-26 18:38:04,469 DEBUG    root            SDK update checks are disabled.
