2024-09-24 21:01:28,754 DEBUG    root            Loaded Command Group: ['gcloud', 'config']
2024-09-24 21:01:28,757 DEBUG    root            Loaded Command Group: ['gcloud', 'config', 'config_helper']
2024-09-24 21:01:28,760 DEBUG    root            Running [gcloud.config.config-helper] with arguments: [--format: "json", --min-expiry: "1800"]
2024-09-24 21:01:28,774 DEBUG    root            Chosen display Format:default json
2024-09-24 21:01:28,775 INFO     root            Display format: "default json"
2024-09-24 21:01:28,821 INFO     ___FILE_ONLY___ {
  "configuration": {
    "active_configuration": "default",
    "properties": {
      "compute": {
        "region": "europe-west4"
      },
      "core": {
        "account": "51711795437-compute@developer.gserviceaccount.com",
        "disable_usage_reporting": "True",
        "project": "cloud-data-analysis-436618"
      },
      "dataproc": {
        "region": "europe-west4"
      }
    }
  },
  "credential": {
    "access_token": "ya29.c.c0ASRK0GYclm2aGL0d141Sx9KHFu_BOLEMbl7wSZNzWFeRQfsAwrY9Gaxd_Jiy3D4P3suG7pGHBU4fdGU2YM-I43y9GwplmeD72Gl3UrVflRt1QusdY3ypcDDtr6Y2nMpBTZdnwNKyM6RBgL-f9t2YimNiruPe3s9Y4-VSM-nV1Os3EpD-W2R8BdBeAEaZxvMVT5GhRKnnkRU0Uf4iXNbtnsNX_B9rzzg-RmEGhlDnzjyjSAk9K6IsO7aN_3CZtpq_0IOgQ466aM-ZiaKIRVYcHy6KX-cAPy8NyKCYd_hZ3xRdy99FOc2EaTP-bIdD8HHSYbX8iCg8gUv9uYJomiRHXKBS1p2C8eSSRLLu-op1kdDmlGrF848GKZa2fOUVOkFFJqvbOvu9Z2GkT0CWIgRcXHWjK2-vzDiVFymDPBZFrykhWhkvVPhnG-0N448P_jFIRW7x2n5I52wwQ7qJgnZ3vepwv25lir4smoOrO6VexMZltUuRerx9-XM154iffOvZ_IiWfq6ff9YeWJOY5Shh94qsIU085i0aQI2vugniB3vxIYXlU9IgUaUdIW5R0Js_d6bzB5iWlRcnXrgz_WYO6zQUfMWJh5JYvgOfum0oa6lk9M-B2wYbbghRochf02VVr2u7FxVsFQhUIqoyWBYUOIb9xWjW_e3wd6VROUifBsjh5zYne_z8nOa2e1-tQFdghYbUhXmuwac8VwgXmWhtpQlJwvwdxJ2_jX_kt4-gqWlRQFp4glknut4Xs8rbJFswfIY6Vi2RQ9o2kShVMVr11zYOzu883Y4iOtVeiqV8riXVY_RyFBccIsZ9beWVnzFY_RwJRiaU5coIc-zkhW2lod3ywQwoy_ebJRwy6BrtBe3ctY5rlfepnJy5zdexvux7Ycf9Ulzn6vQBeXjaXXoBey3pzMdxUMXBe8iopcVsj6tspr85bhydO_uB7MurvdbY-XxhJmkjlgmrQ-5fV-iovwW26hZMWtiQcdykvcWhWOg31XlagxrRhRb",
    "id_token": null,
    "token_expiry": "2024-09-24T21:39:28Z"
  },
  "sentinels": {
    "config_sentinel": "/home/jupyter/.config/gcloud/config_sentinel"
  }
}
2024-09-24 21:01:28,821 INFO     ___FILE_ONLY___ 

2024-09-24 21:01:28,822 DEBUG    root            SDK update checks are disabled.
