2024-09-25 18:23:31,688 DEBUG    root            Loaded Command Group: ['gcloud', 'config']
2024-09-25 18:23:31,690 DEBUG    root            Loaded Command Group: ['gcloud', 'config', 'config_helper']
2024-09-25 18:23:31,693 DEBUG    root            Running [gcloud.config.config-helper] with arguments: [--format: "json", --min-expiry: "1800"]
2024-09-25 18:23:31,705 DEBUG    root            Chosen display Format:default json
2024-09-25 18:23:31,705 INFO     root            Display format: "default json"
2024-09-25 18:23:31,747 INFO     ___FILE_ONLY___ {
  "configuration": {
    "active_configuration": "default",
    "properties": {
      "compute": {
        "region": "europe-west4"
      },
      "core": {
        "account": "51711795437-compute@developer.gserviceaccount.com",
        "disable_usage_reporting": "True",
        "project": "cloud-data-analysis-436618"
      },
      "dataproc": {
        "region": "europe-west4"
      }
    }
  },
  "credential": {
    "access_token": "ya29.c.c0ASRK0GZ3IsAKPYbwkI3upvocyQ9PYtote1ACjNlSF7-o3UypzotEDvaB68U2wRKqguUC67wJZ4Lkr6C0A5H6OUiG2XUjXdkM_-RfYYD3UsQc40MtQA13KwSsHJITqd3JTvnGU3p_ju8Jvi0cTR0Yo8a057TFSo3_ZaPB4kBZTOlcXCGmqpCr4vlkaGKMtZjlyBnoTqAPI75li58q5zVwU0nvwFfJiAGC_YiKxzL5SgwFniKdI4f_X9QGuhYQ156tAWmhdBvEXA0nkDE-qikZ1IsP1-JhqWW1ikS541JSQE0aFDfzHvomKkJK_Ccl0H13BXqal09hjxK65HL8yX_z7UexxnEbz5BP0gFZOpE68MhfxwFzv2DAi8ULW5bAIVYEJpE-xjxbtWozReTAlUGOXYbq-JjtNRk6Ll4au0POE7Q9rEZoHKvtaOG9j2kL452Dql_lOVwlqjyyx2OguQr0py8Zn7Y1jUZZZjtaq5pYpvuYirxVa7WWc8j-a7s9z1b_62633qhwJJd63rSQO0jIjte5W3J8Slcz7pIWBO2n-x8QVX1Rxu35a8t6rk5nYQRYnc42tZ4gsgVfOWugbjqh2ge4b_0zr9Im6Fpm5bd_O_ctrS02fjWXulQ_-1iWIg_WumhVXFb7M9bOaQ7Fz6ax7lMtb6QagW29qFyV21Sns3dlb3RaJbfo4f5-4Wno6ly3ouMUFWfewwxkxzq6r_-Sa_oUjOgl1mmirWMXhjaO9odI_VmI4IasfOXa_V4ROFQ96efO8O5lSSkbuZbO5g5fn-dsWVwphFF978YglfoRRidl9XiI6Olua60S3Y21cZwUk0Uki9_7i99v8BcgcWaVWzpJo7q5t7a_2S6JM8rY-oSuj2ukvjsVXb8wcszqWXU5tI5QdtqeS7vB_ZZY8ce7fVW0epsei7yBcMY9j0qp7MyFge75uYVrOZihcB-95S4_JmYogUda1xmr8v2khuyszpjqFI-d4hOFSzonh-s3pOt-nZZ_aO8I4OQ",
    "id_token": null,
    "token_expiry": "2024-09-25T19:21:59Z"
  },
  "sentinels": {
    "config_sentinel": "/home/jupyter/.config/gcloud/config_sentinel"
  }
}
2024-09-25 18:23:31,747 INFO     ___FILE_ONLY___ 

2024-09-25 18:23:31,748 DEBUG    root            SDK update checks are disabled.
