2024-09-25 19:29:49,679 DEBUG    root            Loaded Command Group: ['gcloud', 'config']
2024-09-25 19:29:49,682 DEBUG    root            Loaded Command Group: ['gcloud', 'config', 'config_helper']
2024-09-25 19:29:49,684 DEBUG    root            Running [gcloud.config.config-helper] with arguments: [--format: "json", --min-expiry: "1800"]
2024-09-25 19:29:49,747 DEBUG    google.auth.transport.requests Making request: GET http://192.168.10.5/computeMetadata/v1/instance/service-accounts/51711795437-compute@developer.gserviceaccount.com/?recursive=true
2024-09-25 19:29:49,750 DEBUG    urllib3.connectionpool Starting new HTTP connection (1): 192.168.10.5:80
2024-09-25 19:29:49,751 DEBUG    urllib3.connectionpool http://192.168.10.5:80 "GET /computeMetadata/v1/instance/service-accounts/51711795437-compute@developer.gserviceaccount.com/?recursive=true HTTP/1.1" 200 144
2024-09-25 19:29:49,752 DEBUG    google.auth.transport.requests Making request: GET http://192.168.10.5/computeMetadata/v1/instance/service-accounts/51711795437-compute@developer.gserviceaccount.com/token
2024-09-25 19:29:49,754 DEBUG    urllib3.connectionpool http://192.168.10.5:80 "GET /computeMetadata/v1/instance/service-accounts/51711795437-compute@developer.gserviceaccount.com/token HTTP/1.1" 200 1084
2024-09-25 19:29:49,800 DEBUG    root            Chosen display Format:default json
2024-09-25 19:29:49,801 INFO     root            Display format: "default json"
2024-09-25 19:29:49,845 INFO     ___FILE_ONLY___ {
  "configuration": {
    "active_configuration": "default",
    "properties": {
      "compute": {
        "region": "europe-west4"
      },
      "core": {
        "account": "51711795437-compute@developer.gserviceaccount.com",
        "disable_usage_reporting": "True",
        "project": "cloud-data-analysis-436618"
      },
      "dataproc": {
        "region": "europe-west4"
      }
    }
  },
  "credential": {
    "access_token": "ya29.c.c0ASRK0GYgUyjaSIMsfW0Nbn2NrEc51jfKWes4iw1T8_IeoJjsRGUrYv6SqQzO9keZM4sPYBdEWCneX6B8KQrh3O850_4EjOUy9z9wr7LHvs8Uz_It9mdLqpXNVzMrLdSqbK1VMUDQ1_iRNTJQ-iLji90SaxTEgHrGtJtBhGWEvAOQncDXouOXkLxJfBgcaKC_Bz34MSvO5J-LtziBko0pTiSBk909gZDYwjcON1EmRoSAOKRVxd2XjlUABC1odv7U8TgXMkdF46EkL9AaCZSLSw3Han0idxD7QeZJUudqkttngxaQdSPIwTvt7DywfaS2b3PFjd1kY1T7hmLJhbXnoBQXYKMRhHDRhNygqlvqIrURleS_7MRgCufKQRQMR1LelqokSLk66mkvVqvat9gM6K1LdbEUy7zRj961zatPqKokPoQmwrML3PBvT449A6MzupnWMdnB7MVMrjchm2dxsSf_i9clukliOv--dz24r1ayszuq1s7Fl_ZdckntqR-Itv6OcowxbltZ-9xg9uWaj-9iSRp_6qBf0M7vhYryc_nr5-weZhrSu15_RJUVJd1jgbVp-Jghnc8505mr5k_2tzJhwF8p_mpjUpB6vW3lwWJq5vlkjdR2J0_Oev_moOU3w4ZRUmrQty65pO8UXdtqnFr8m-7esn2s-m0aYwX9Wjcb8Rj7iIMfkO_zsXlr2a16MljSuJ3J2WO4ox_bUg0nIX0Bl2mt4WaoM7nQ7JttB6gYX3eOMZkl7zj6-2pZbgn6oRZ9cf_pqXFc1Wng5ZJM9uOWQyidfasq8XBFru5fx9nvxZmRzxBfOytYdVp8qg4jaXp-qo_VmV5YOwSxsdkXgi4FJ71uev79S9rXQa0Xe-tnfUYakgq5Q3OttpR9rvegU2Z9p99-afvzBc1ofWtiXIZFFJc6ZkdoyrrBt6jaeV7X301R1lxgMdqFUXSR9nSUUzJuI27ZxXMIixnMgtXS6ZkmmUemWraUmkdR2SW1Mxb6-35QdvbIa43",
    "id_token": null,
    "token_expiry": "2024-09-25T20:22:04Z"
  },
  "sentinels": {
    "config_sentinel": "/home/jupyter/.config/gcloud/config_sentinel"
  }
}
2024-09-25 19:29:49,845 INFO     ___FILE_ONLY___ 

2024-09-25 19:29:49,846 DEBUG    root            SDK update checks are disabled.
